[2022-07-13 22:51:16,057] [BBIndicator] [init_logger] [INFO]: Initialize logger
[2022-07-13 22:51:17,172] [BBIndicator] [execute] [INFO]: Execute for Symbol BTC
[2022-07-13 22:51:17,872] [BBIndicator] [execute] [INFO]: Execute for Symbol BURGER
[2022-07-13 22:51:18,623] [BBIndicator] [execute] [INFO]: Execute for Symbol LTC
[2022-07-13 22:51:20,628] [BBIndicator] [get_results] [INFO]: Current result for symbol BTC is: 
[2022-07-13 22:51:20,628] [BBIndicator] [get_results] [INFO]: Percent result is: None
[2022-07-13 22:51:20,628] [BBIndicator] [get_results] [INFO]: Current result for symbol LTC is: 
[2022-07-13 22:51:20,628] [BBIndicator] [get_results] [INFO]: Percent result is: None
[2022-07-13 22:51:20,629] [BBIndicator] [get_results] [INFO]: Current result for symbol BURGER is: 
[2022-07-13 22:51:20,630] [BBIndicator] [get_results] [INFO]: Percent result is: None
[2022-07-13 22:52:08,799] [BBIndicator] [init_logger] [INFO]: Initialize logger
[2022-07-13 22:52:09,938] [BBIndicator] [execute] [INFO]: Execute for Symbol BTC
[2022-07-13 22:52:10,721] [BBIndicator] [execute] [INFO]: Execute for Symbol BURGER
[2022-07-13 22:52:11,438] [BBIndicator] [execute] [INFO]: Execute for Symbol LTC
[2022-07-13 22:52:13,450] [BBIndicator] [get_results] [INFO]: Current result for symbol BTC is: 
[2022-07-13 22:52:13,450] [BBIndicator] [get_results] [INFO]: Percent result is: None
[2022-07-13 22:52:13,450] [BBIndicator] [get_results] [INFO]: Current result for symbol LTC is: 
[2022-07-13 22:52:13,450] [BBIndicator] [get_results] [INFO]: Percent result is: None
[2022-07-13 22:52:13,451] [BBIndicator] [get_results] [INFO]: Current result for symbol BURGER is: 
[2022-07-13 22:52:13,451] [BBIndicator] [get_results] [INFO]: Percent result is: None
[2022-07-13 22:53:32,556] [BBIndicator] [init_logger] [INFO]: Initialize logger
[2022-07-13 22:53:33,141] [BBIndicator] [execute] [INFO]: Execute for Symbol BTC
[2022-07-13 22:53:33,670] [BBIndicator] [execute] [INFO]: Execute for Symbol BURGER
[2022-07-13 22:53:34,037] [BBIndicator] [execute] [INFO]: Execute for Symbol LTC
[2022-07-13 22:53:36,053] [BBIndicator] [get_results] [INFO]: Current result for symbol BTC is: 
[2022-07-13 22:53:36,053] [BBIndicator] [get_results] [INFO]: Percent result is: 1.9533656305881872
[2022-07-13 22:53:36,053] [BBIndicator] [get_results] [INFO]: Current result for symbol LTC is: 
[2022-07-13 22:53:36,053] [BBIndicator] [get_results] [INFO]: Percent result is: 1.9558006342936487
[2022-07-13 22:53:36,053] [BBIndicator] [get_results] [INFO]: Current result for symbol BURGER is: 
[2022-07-13 22:53:36,053] [BBIndicator] [get_results] [INFO]: Percent result is: 0.01
[2022-07-13 22:53:39,057] [BBIndicator] [get_results] [INFO]: Current result for symbol BTC is: 
[2022-07-13 22:53:39,057] [BBIndicator] [get_results] [INFO]: Percent result is: 1.9533656305881872
[2022-07-13 22:53:39,058] [BBIndicator] [get_results] [INFO]: Current result for symbol LTC is: 
[2022-07-13 22:53:39,058] [BBIndicator] [get_results] [INFO]: Percent result is: 1.9558006342936487
[2022-07-13 22:53:39,058] [BBIndicator] [get_results] [INFO]: Current result for symbol BURGER is: 
[2022-07-13 22:53:39,058] [BBIndicator] [get_results] [INFO]: Percent result is: 0.01
[2022-07-13 22:53:42,073] [BBIndicator] [get_results] [INFO]: Current result for symbol BTC is: 
[2022-07-13 22:53:42,073] [BBIndicator] [get_results] [INFO]: Percent result is: 1.9533656305881872
[2022-07-13 22:53:42,074] [BBIndicator] [get_results] [INFO]: Current result for symbol LTC is: 
[2022-07-13 22:53:42,074] [BBIndicator] [get_results] [INFO]: Percent result is: 1.9558006342936487
[2022-07-13 22:53:42,074] [BBIndicator] [get_results] [INFO]: Current result for symbol BURGER is: 
[2022-07-13 22:53:42,074] [BBIndicator] [get_results] [INFO]: Percent result is: 0.01
[2022-07-13 22:53:45,074] [BBIndicator] [get_results] [INFO]: Current result for symbol BTC is: 
[2022-07-13 22:53:45,075] [BBIndicator] [get_results] [INFO]: Percent result is: 1.9533656305881872
[2022-07-13 22:53:45,075] [BBIndicator] [get_results] [INFO]: Current result for symbol LTC is: 
[2022-07-13 22:53:45,075] [BBIndicator] [get_results] [INFO]: Percent result is: 1.9558006342936487
[2022-07-13 22:53:45,075] [BBIndicator] [get_results] [INFO]: Current result for symbol BURGER is: 
[2022-07-13 22:53:45,075] [BBIndicator] [get_results] [INFO]: Percent result is: 0.01
[2022-07-13 22:53:48,090] [BBIndicator] [get_results] [INFO]: Current result for symbol BTC is: 
[2022-07-13 22:53:48,090] [BBIndicator] [get_results] [INFO]: Percent result is: 1.9533656305881872
[2022-07-13 22:53:48,091] [BBIndicator] [get_results] [INFO]: Current result for symbol LTC is: 
[2022-07-13 22:53:48,091] [BBIndicator] [get_results] [INFO]: Percent result is: 1.9558006342936487
[2022-07-13 22:53:48,091] [BBIndicator] [get_results] [INFO]: Current result for symbol BURGER is: 
[2022-07-13 22:53:48,092] [BBIndicator] [get_results] [INFO]: Percent result is: 0.01
[2022-07-13 22:53:51,101] [BBIndicator] [get_results] [INFO]: Current result for symbol BTC is: 
[2022-07-13 22:53:51,102] [BBIndicator] [get_results] [INFO]: Percent result is: 1.9533656305881872
[2022-07-13 22:53:51,102] [BBIndicator] [get_results] [INFO]: Current result for symbol LTC is: 
[2022-07-13 22:53:51,102] [BBIndicator] [get_results] [INFO]: Percent result is: 1.9558006342936487
[2022-07-13 22:53:51,102] [BBIndicator] [get_results] [INFO]: Current result for symbol BURGER is: 
[2022-07-13 22:53:51,103] [BBIndicator] [get_results] [INFO]: Percent result is: 0.01
[2022-07-13 22:53:54,106] [BBIndicator] [get_results] [INFO]: Current result for symbol BTC is: 
[2022-07-13 22:53:54,106] [BBIndicator] [get_results] [INFO]: Percent result is: 1.9533656305881872
[2022-07-13 22:53:54,106] [BBIndicator] [get_results] [INFO]: Current result for symbol LTC is: 
[2022-07-13 22:53:54,106] [BBIndicator] [get_results] [INFO]: Percent result is: 1.9558006342936487
[2022-07-13 22:53:54,106] [BBIndicator] [get_results] [INFO]: Current result for symbol BURGER is: 
[2022-07-13 22:53:54,106] [BBIndicator] [get_results] [INFO]: Percent result is: 0.01
[2022-07-13 22:53:57,110] [BBIndicator] [get_results] [INFO]: Current result for symbol BTC is: 
[2022-07-13 22:53:57,110] [BBIndicator] [get_results] [INFO]: Percent result is: 1.9533656305881872
[2022-07-13 22:53:57,110] [BBIndicator] [get_results] [INFO]: Current result for symbol LTC is: 
[2022-07-13 22:53:57,110] [BBIndicator] [get_results] [INFO]: Percent result is: 1.9558006342936487
[2022-07-13 22:53:57,110] [BBIndicator] [get_results] [INFO]: Current result for symbol BURGER is: 
[2022-07-13 22:53:57,110] [BBIndicator] [get_results] [INFO]: Percent result is: 0.01
[2022-07-13 22:54:00,122] [BBIndicator] [get_results] [INFO]: Current result for symbol BTC is: 
[2022-07-13 22:54:00,122] [BBIndicator] [get_results] [INFO]: Percent result is: 1.9533656305881872
[2022-07-13 22:54:00,123] [BBIndicator] [get_results] [INFO]: Current result for symbol LTC is: 
[2022-07-13 22:54:00,123] [BBIndicator] [get_results] [INFO]: Percent result is: 1.9558006342936487
[2022-07-13 22:54:00,123] [BBIndicator] [get_results] [INFO]: Current result for symbol BURGER is: 
[2022-07-13 22:54:00,123] [BBIndicator] [get_results] [INFO]: Percent result is: 0.01
[2022-07-13 22:54:04,981] [BBIndicator] [init_logger] [INFO]: Initialize logger
[2022-07-13 22:54:05,589] [BBIndicator] [execute] [INFO]: Execute for Symbol BTC
[2022-07-13 22:54:06,127] [BBIndicator] [execute] [INFO]: Execute for Symbol BURGER
[2022-07-13 22:54:06,475] [BBIndicator] [execute] [INFO]: Execute for Symbol LTC
[2022-07-13 22:54:08,487] [BBIndicator] [get_results] [INFO]: Current result for symbol BTC is: 
[2022-07-13 22:54:08,487] [BBIndicator] [get_results] [INFO]: Percent result is: 1.9533656305881872
[2022-07-13 22:54:08,488] [BBIndicator] [get_results] [INFO]: Current result for symbol LTC is: 
[2022-07-13 22:54:08,488] [BBIndicator] [get_results] [INFO]: Percent result is: None
[2022-07-13 22:54:08,488] [BBIndicator] [get_results] [INFO]: Current result for symbol BURGER is: 
[2022-07-13 22:54:08,488] [BBIndicator] [get_results] [INFO]: Percent result is: None
[2022-07-13 22:54:11,500] [BBIndicator] [get_results] [INFO]: Current result for symbol BTC is: 
[2022-07-13 22:54:11,500] [BBIndicator] [get_results] [INFO]: Percent result is: 1.9533656305881872
[2022-07-13 22:54:11,500] [BBIndicator] [get_results] [INFO]: Current result for symbol LTC is: 
[2022-07-13 22:54:11,500] [BBIndicator] [get_results] [INFO]: Percent result is: 1.9558006342936487
[2022-07-13 22:54:11,500] [BBIndicator] [get_results] [INFO]: Current result for symbol BURGER is: 
[2022-07-13 22:54:11,500] [BBIndicator] [get_results] [INFO]: Percent result is: 0.01
[2022-07-13 22:54:14,501] [BBIndicator] [get_results] [INFO]: Current result for symbol BTC is: 
[2022-07-13 22:54:14,501] [BBIndicator] [get_results] [INFO]: Percent result is: 1.9533656305881872
[2022-07-13 22:54:14,501] [BBIndicator] [get_results] [INFO]: Current result for symbol LTC is: 
[2022-07-13 22:54:14,501] [BBIndicator] [get_results] [INFO]: Percent result is: 1.9558006342936487
[2022-07-13 22:54:14,502] [BBIndicator] [get_results] [INFO]: Current result for symbol BURGER is: 
[2022-07-13 22:54:14,502] [BBIndicator] [get_results] [INFO]: Percent result is: 0.01
[2022-07-13 22:54:17,514] [BBIndicator] [get_results] [INFO]: Current result for symbol BTC is: 
[2022-07-13 22:54:17,514] [BBIndicator] [get_results] [INFO]: Percent result is: 1.9533656305881872
[2022-07-13 22:54:17,515] [BBIndicator] [get_results] [INFO]: Current result for symbol LTC is: 
[2022-07-13 22:54:17,515] [BBIndicator] [get_results] [INFO]: Percent result is: 1.9558006342936487
[2022-07-13 22:54:17,515] [BBIndicator] [get_results] [INFO]: Current result for symbol BURGER is: 
[2022-07-13 22:54:17,516] [BBIndicator] [get_results] [INFO]: Percent result is: 0.01
[2022-07-13 22:54:20,524] [BBIndicator] [get_results] [INFO]: Current result for symbol BTC is: 
[2022-07-13 22:54:20,524] [BBIndicator] [get_results] [INFO]: Percent result is: 1.9533656305881872
[2022-07-13 22:54:20,525] [BBIndicator] [get_results] [INFO]: Current result for symbol LTC is: 
[2022-07-13 22:54:20,525] [BBIndicator] [get_results] [INFO]: Percent result is: 1.9558006342936487
[2022-07-13 22:54:20,525] [BBIndicator] [get_results] [INFO]: Current result for symbol BURGER is: 
[2022-07-13 22:54:20,525] [BBIndicator] [get_results] [INFO]: Percent result is: 0.01
[2022-07-13 22:54:23,526] [BBIndicator] [get_results] [INFO]: Current result for symbol BTC is: 
[2022-07-13 22:54:23,527] [BBIndicator] [get_results] [INFO]: Percent result is: 1.9533656305881872
[2022-07-13 22:54:23,527] [BBIndicator] [get_results] [INFO]: Current result for symbol LTC is: 
[2022-07-13 22:54:23,527] [BBIndicator] [get_results] [INFO]: Percent result is: 1.9558006342936487
[2022-07-13 22:54:23,527] [BBIndicator] [get_results] [INFO]: Current result for symbol BURGER is: 
[2022-07-13 22:54:23,528] [BBIndicator] [get_results] [INFO]: Percent result is: 0.01
[2022-07-13 22:54:26,537] [BBIndicator] [get_results] [INFO]: Current result for symbol BTC is: 
[2022-07-13 22:54:26,537] [BBIndicator] [get_results] [INFO]: Percent result is: 1.9533656305881872
[2022-07-13 22:54:26,537] [BBIndicator] [get_results] [INFO]: Current result for symbol LTC is: 
[2022-07-13 22:54:26,537] [BBIndicator] [get_results] [INFO]: Percent result is: 1.9558006342936487
[2022-07-13 22:54:26,537] [BBIndicator] [get_results] [INFO]: Current result for symbol BURGER is: 
[2022-07-13 22:54:26,537] [BBIndicator] [get_results] [INFO]: Percent result is: 0.01
[2022-07-13 22:54:29,552] [BBIndicator] [get_results] [INFO]: Current result for symbol BTC is: 
[2022-07-13 22:54:29,553] [BBIndicator] [get_results] [INFO]: Percent result is: 1.9533656305881872
[2022-07-13 22:54:29,553] [BBIndicator] [get_results] [INFO]: Current result for symbol LTC is: 
[2022-07-13 22:54:29,553] [BBIndicator] [get_results] [INFO]: Percent result is: 1.9558006342936487
[2022-07-13 22:54:29,553] [BBIndicator] [get_results] [INFO]: Current result for symbol BURGER is: 
[2022-07-13 22:54:29,554] [BBIndicator] [get_results] [INFO]: Percent result is: 0.01
[2022-07-13 22:54:32,569] [BBIndicator] [get_results] [INFO]: Current result for symbol BTC is: 
[2022-07-13 22:54:32,569] [BBIndicator] [get_results] [INFO]: Percent result is: 1.9533656305881872
[2022-07-13 22:54:32,569] [BBIndicator] [get_results] [INFO]: Current result for symbol LTC is: 
[2022-07-13 22:54:32,570] [BBIndicator] [get_results] [INFO]: Percent result is: 1.9558006342936487
[2022-07-13 22:54:32,570] [BBIndicator] [get_results] [INFO]: Current result for symbol BURGER is: 
[2022-07-13 22:54:32,570] [BBIndicator] [get_results] [INFO]: Percent result is: 0.01
[2022-07-13 22:54:35,582] [BBIndicator] [get_results] [INFO]: Current result for symbol BTC is: 
[2022-07-13 22:54:35,582] [BBIndicator] [get_results] [INFO]: Percent result is: 1.9533656305881872
[2022-07-13 22:54:35,583] [BBIndicator] [get_results] [INFO]: Current result for symbol LTC is: 
[2022-07-13 22:54:35,583] [BBIndicator] [get_results] [INFO]: Percent result is: 1.9558006342936487
[2022-07-13 22:54:35,583] [BBIndicator] [get_results] [INFO]: Current result for symbol BURGER is: 
[2022-07-13 22:54:35,583] [BBIndicator] [get_results] [INFO]: Percent result is: 0.01
[2022-07-13 22:54:38,595] [BBIndicator] [get_results] [INFO]: Current result for symbol BTC is: 
[2022-07-13 22:54:38,595] [BBIndicator] [get_results] [INFO]: Percent result is: 1.9533656305881872
[2022-07-13 22:54:38,596] [BBIndicator] [get_results] [INFO]: Current result for symbol LTC is: 
[2022-07-13 22:54:38,596] [BBIndicator] [get_results] [INFO]: Percent result is: 1.9558006342936487
[2022-07-13 22:54:38,596] [BBIndicator] [get_results] [INFO]: Current result for symbol BURGER is: 
[2022-07-13 22:54:38,596] [BBIndicator] [get_results] [INFO]: Percent result is: 0.01
[2022-07-13 22:54:41,610] [BBIndicator] [get_results] [INFO]: Current result for symbol BTC is: 
[2022-07-13 22:54:41,610] [BBIndicator] [get_results] [INFO]: Percent result is: 1.9533656305881872
[2022-07-13 22:54:41,611] [BBIndicator] [get_results] [INFO]: Current result for symbol LTC is: 
[2022-07-13 22:54:41,611] [BBIndicator] [get_results] [INFO]: Percent result is: 1.9558006342936487
[2022-07-13 22:54:41,611] [BBIndicator] [get_results] [INFO]: Current result for symbol BURGER is: 
[2022-07-13 22:54:41,611] [BBIndicator] [get_results] [INFO]: Percent result is: 0.01
[2022-07-13 22:55:53,559] [BBIndicator] [init_logger] [INFO]: Initialize logger
[2022-07-13 22:55:54,009] [BBIndicator] [execute] [INFO]: Execute for Symbol BTC
[2022-07-13 22:55:54,428] [BBIndicator] [execute] [INFO]: Execute for Symbol BURGER
[2022-07-13 22:55:54,811] [BBIndicator] [execute] [INFO]: Execute for Symbol LTC
[2022-07-13 22:55:56,815] [BBIndicator] [get_results] [INFO]: Current result for symbol BTC is: 
[2022-07-13 22:55:56,815] [BBIndicator] [get_results] [INFO]: Percent result is: 1.9538604887370576
[2022-07-13 22:55:56,815] [BBIndicator] [get_results] [INFO]: Current result for symbol LTC is: 
[2022-07-13 22:55:56,815] [BBIndicator] [get_results] [INFO]: Percent result is: None
[2022-07-13 22:55:56,816] [BBIndicator] [get_results] [INFO]: Current result for symbol BURGER is: 
[2022-07-13 22:55:56,816] [BBIndicator] [get_results] [INFO]: Percent result is: 0.01
[2022-07-13 22:55:59,831] [BBIndicator] [get_results] [INFO]: Current result for symbol BTC is: 
[2022-07-13 22:55:59,831] [BBIndicator] [get_results] [INFO]: Percent result is: 1.9538604887370576
[2022-07-13 22:55:59,831] [BBIndicator] [get_results] [INFO]: Current result for symbol LTC is: 
[2022-07-13 22:55:59,831] [BBIndicator] [get_results] [INFO]: Percent result is: 1.9567317129374509
[2022-07-13 22:55:59,832] [BBIndicator] [get_results] [INFO]: Current result for symbol BURGER is: 
[2022-07-13 22:55:59,832] [BBIndicator] [get_results] [INFO]: Percent result is: 0.01
[2022-07-13 22:56:02,835] [BBIndicator] [get_results] [INFO]: Current result for symbol BTC is: 
[2022-07-13 22:56:02,836] [BBIndicator] [get_results] [INFO]: Percent result is: 1.9538604887370576
[2022-07-13 22:56:02,836] [BBIndicator] [get_results] [INFO]: Current result for symbol LTC is: 
[2022-07-13 22:56:02,836] [BBIndicator] [get_results] [INFO]: Percent result is: 1.9567317129374509
[2022-07-13 22:56:02,836] [BBIndicator] [get_results] [INFO]: Current result for symbol BURGER is: 
[2022-07-13 22:56:02,837] [BBIndicator] [get_results] [INFO]: Percent result is: 0.01
[2022-07-13 22:56:05,847] [BBIndicator] [get_results] [INFO]: Current result for symbol BTC is: 
[2022-07-13 22:56:05,848] [BBIndicator] [get_results] [INFO]: Percent result is: 1.9538604887370576
[2022-07-13 22:56:05,848] [BBIndicator] [get_results] [INFO]: Current result for symbol LTC is: 
[2022-07-13 22:56:05,848] [BBIndicator] [get_results] [INFO]: Percent result is: 1.9567317129374509
[2022-07-13 22:56:05,848] [BBIndicator] [get_results] [INFO]: Current result for symbol BURGER is: 
[2022-07-13 22:56:05,848] [BBIndicator] [get_results] [INFO]: Percent result is: 0.01
[2022-07-13 22:56:08,855] [BBIndicator] [get_results] [INFO]: Current result for symbol BTC is: 
[2022-07-13 22:56:08,855] [BBIndicator] [get_results] [INFO]: Percent result is: 1.9538604887370576
[2022-07-13 22:56:08,856] [BBIndicator] [get_results] [INFO]: Current result for symbol LTC is: 
[2022-07-13 22:56:08,856] [BBIndicator] [get_results] [INFO]: Percent result is: 1.9567317129374509
[2022-07-13 22:56:08,856] [BBIndicator] [get_results] [INFO]: Current result for symbol BURGER is: 
[2022-07-13 22:56:08,856] [BBIndicator] [get_results] [INFO]: Percent result is: 0.01
[2022-07-13 22:56:11,862] [BBIndicator] [get_results] [INFO]: Current result for symbol BTC is: 
[2022-07-13 22:56:11,862] [BBIndicator] [get_results] [INFO]: Percent result is: 1.9538604887370576
[2022-07-13 22:56:11,862] [BBIndicator] [get_results] [INFO]: Current result for symbol LTC is: 
[2022-07-13 22:56:11,862] [BBIndicator] [get_results] [INFO]: Percent result is: 1.9567317129374509
[2022-07-13 22:56:11,863] [BBIndicator] [get_results] [INFO]: Current result for symbol BURGER is: 
[2022-07-13 22:56:11,863] [BBIndicator] [get_results] [INFO]: Percent result is: 0.01
[2022-07-13 22:56:14,869] [BBIndicator] [get_results] [INFO]: Current result for symbol BTC is: 
[2022-07-13 22:56:14,869] [BBIndicator] [get_results] [INFO]: Percent result is: 1.9538604887370576
[2022-07-13 22:56:14,869] [BBIndicator] [get_results] [INFO]: Current result for symbol LTC is: 
[2022-07-13 22:56:14,869] [BBIndicator] [get_results] [INFO]: Percent result is: 1.9567317129374509
[2022-07-13 22:56:14,870] [BBIndicator] [get_results] [INFO]: Current result for symbol BURGER is: 
[2022-07-13 22:56:14,870] [BBIndicator] [get_results] [INFO]: Percent result is: 0.01
[2022-07-13 22:56:17,880] [BBIndicator] [get_results] [INFO]: Current result for symbol BTC is: 
[2022-07-13 22:56:17,881] [BBIndicator] [get_results] [INFO]: Percent result is: 1.9538604887370576
[2022-07-13 22:56:17,881] [BBIndicator] [get_results] [INFO]: Current result for symbol LTC is: 
[2022-07-13 22:56:17,881] [BBIndicator] [get_results] [INFO]: Percent result is: 1.9567317129374509
[2022-07-13 22:56:17,882] [BBIndicator] [get_results] [INFO]: Current result for symbol BURGER is: 
[2022-07-13 22:56:17,882] [BBIndicator] [get_results] [INFO]: Percent result is: 0.01
[2022-07-13 22:56:20,895] [BBIndicator] [get_results] [INFO]: Current result for symbol BTC is: 
[2022-07-13 22:56:20,895] [BBIndicator] [get_results] [INFO]: Percent result is: 1.9538604887370576
[2022-07-13 22:56:20,896] [BBIndicator] [get_results] [INFO]: Current result for symbol LTC is: 
[2022-07-13 22:56:20,896] [BBIndicator] [get_results] [INFO]: Percent result is: 1.9567317129374509
[2022-07-13 22:56:20,896] [BBIndicator] [get_results] [INFO]: Current result for symbol BURGER is: 
[2022-07-13 22:56:20,896] [BBIndicator] [get_results] [INFO]: Percent result is: 0.01
[2022-07-13 22:56:23,911] [BBIndicator] [get_results] [INFO]: Current result for symbol BTC is: 
[2022-07-13 22:56:23,911] [BBIndicator] [get_results] [INFO]: Percent result is: 1.9538604887370576
[2022-07-13 22:56:23,912] [BBIndicator] [get_results] [INFO]: Current result for symbol LTC is: 
[2022-07-13 22:56:23,912] [BBIndicator] [get_results] [INFO]: Percent result is: 1.9567317129374509
[2022-07-13 22:56:23,912] [BBIndicator] [get_results] [INFO]: Current result for symbol BURGER is: 
[2022-07-13 22:56:23,912] [BBIndicator] [get_results] [INFO]: Percent result is: 0.01
[2022-07-13 22:56:26,926] [BBIndicator] [get_results] [INFO]: Current result for symbol BTC is: 
[2022-07-13 22:56:26,926] [BBIndicator] [get_results] [INFO]: Percent result is: 1.9538604887370576
[2022-07-13 22:56:26,926] [BBIndicator] [get_results] [INFO]: Current result for symbol LTC is: 
[2022-07-13 22:56:26,926] [BBIndicator] [get_results] [INFO]: Percent result is: 1.9567317129374509
[2022-07-13 22:56:26,927] [BBIndicator] [get_results] [INFO]: Current result for symbol BURGER is: 
[2022-07-13 22:56:26,927] [BBIndicator] [get_results] [INFO]: Percent result is: 0.01
[2022-07-13 22:56:29,929] [BBIndicator] [get_results] [INFO]: Current result for symbol BTC is: 
[2022-07-13 22:56:29,929] [BBIndicator] [get_results] [INFO]: Percent result is: 1.9538604887370576
[2022-07-13 22:56:29,929] [BBIndicator] [get_results] [INFO]: Current result for symbol LTC is: 
[2022-07-13 22:56:29,929] [BBIndicator] [get_results] [INFO]: Percent result is: 1.9567317129374509
[2022-07-13 22:56:29,929] [BBIndicator] [get_results] [INFO]: Current result for symbol BURGER is: 
[2022-07-13 22:56:29,929] [BBIndicator] [get_results] [INFO]: Percent result is: 0.01
[2022-07-13 22:56:32,936] [BBIndicator] [get_results] [INFO]: Current result for symbol BTC is: 
[2022-07-13 22:56:32,936] [BBIndicator] [get_results] [INFO]: Percent result is: 1.9538604887370576
[2022-07-13 22:56:32,937] [BBIndicator] [get_results] [INFO]: Current result for symbol LTC is: 
[2022-07-13 22:56:32,937] [BBIndicator] [get_results] [INFO]: Percent result is: 1.9567317129374509
[2022-07-13 22:56:32,937] [BBIndicator] [get_results] [INFO]: Current result for symbol BURGER is: 
[2022-07-13 22:56:32,937] [BBIndicator] [get_results] [INFO]: Percent result is: 0.01
[2022-07-13 22:56:35,947] [BBIndicator] [get_results] [INFO]: Current result for symbol BTC is: 
[2022-07-13 22:56:35,948] [BBIndicator] [get_results] [INFO]: Percent result is: 1.9538604887370576
[2022-07-13 22:56:35,948] [BBIndicator] [get_results] [INFO]: Current result for symbol LTC is: 
[2022-07-13 22:56:35,948] [BBIndicator] [get_results] [INFO]: Percent result is: 1.9567317129374509
[2022-07-13 22:56:35,948] [BBIndicator] [get_results] [INFO]: Current result for symbol BURGER is: 
[2022-07-13 22:56:35,949] [BBIndicator] [get_results] [INFO]: Percent result is: 0.01
[2022-07-13 22:56:38,964] [BBIndicator] [get_results] [INFO]: Current result for symbol BTC is: 
[2022-07-13 22:56:38,964] [BBIndicator] [get_results] [INFO]: Percent result is: 1.9538604887370576
[2022-07-13 22:56:38,965] [BBIndicator] [get_results] [INFO]: Current result for symbol LTC is: 
[2022-07-13 22:56:38,965] [BBIndicator] [get_results] [INFO]: Percent result is: 1.9567317129374509
[2022-07-13 22:56:38,965] [BBIndicator] [get_results] [INFO]: Current result for symbol BURGER is: 
[2022-07-13 22:56:38,965] [BBIndicator] [get_results] [INFO]: Percent result is: 0.01
[2022-07-13 22:57:17,200] [BBIndicator] [init_logger] [INFO]: Initialize logger
[2022-07-13 22:57:17,743] [BBIndicator] [execute] [INFO]: Execute for Symbol BTC
[2022-07-13 22:57:18,286] [BBIndicator] [execute] [INFO]: Execute for Symbol BURGER
[2022-07-13 22:57:18,646] [BBIndicator] [execute] [INFO]: Execute for Symbol LTC
[2022-07-13 22:57:20,661] [BBIndicator] [get_results] [INFO]: Current result for symbol BTC is: 
[2022-07-13 22:57:20,661] [BBIndicator] [get_results] [INFO]: Percent result is: 18888
[2022-07-13 22:57:20,662] [BBIndicator] [get_results] [INFO]: Current result for symbol LTC is: 
[2022-07-13 22:57:20,662] [BBIndicator] [get_results] [INFO]: Percent result is: None
[2022-07-13 22:57:20,662] [BBIndicator] [get_results] [INFO]: Current result for symbol BURGER is: 
[2022-07-13 22:57:20,662] [BBIndicator] [get_results] [INFO]: Percent result is: None
[2022-07-13 22:57:23,668] [BBIndicator] [get_results] [INFO]: Current result for symbol BTC is: 
[2022-07-13 22:57:23,668] [BBIndicator] [get_results] [INFO]: Percent result is: 18888
[2022-07-13 22:57:23,668] [BBIndicator] [get_results] [INFO]: Current result for symbol LTC is: 
[2022-07-13 22:57:23,668] [BBIndicator] [get_results] [INFO]: Percent result is: 18888
[2022-07-13 22:57:23,668] [BBIndicator] [get_results] [INFO]: Current result for symbol BURGER is: 
[2022-07-13 22:57:23,668] [BBIndicator] [get_results] [INFO]: Percent result is: 888888
[2022-07-13 22:57:26,681] [BBIndicator] [get_results] [INFO]: Current result for symbol BTC is: 
[2022-07-13 22:57:26,681] [BBIndicator] [get_results] [INFO]: Percent result is: 18888
[2022-07-13 22:57:26,682] [BBIndicator] [get_results] [INFO]: Current result for symbol LTC is: 
[2022-07-13 22:57:26,682] [BBIndicator] [get_results] [INFO]: Percent result is: 18888
[2022-07-13 22:57:26,682] [BBIndicator] [get_results] [INFO]: Current result for symbol BURGER is: 
[2022-07-13 22:57:26,682] [BBIndicator] [get_results] [INFO]: Percent result is: 888888
[2022-07-13 22:57:29,695] [BBIndicator] [get_results] [INFO]: Current result for symbol BTC is: 
[2022-07-13 22:57:29,695] [BBIndicator] [get_results] [INFO]: Percent result is: 18888
[2022-07-13 22:57:29,696] [BBIndicator] [get_results] [INFO]: Current result for symbol LTC is: 
[2022-07-13 22:57:29,696] [BBIndicator] [get_results] [INFO]: Percent result is: 18888
[2022-07-13 22:57:29,696] [BBIndicator] [get_results] [INFO]: Current result for symbol BURGER is: 
[2022-07-13 22:57:29,696] [BBIndicator] [get_results] [INFO]: Percent result is: 888888
[2022-07-13 22:57:32,713] [BBIndicator] [get_results] [INFO]: Current result for symbol BTC is: 
[2022-07-13 22:57:32,713] [BBIndicator] [get_results] [INFO]: Percent result is: 18888
[2022-07-13 22:57:32,713] [BBIndicator] [get_results] [INFO]: Current result for symbol LTC is: 
[2022-07-13 22:57:32,713] [BBIndicator] [get_results] [INFO]: Percent result is: 18888
[2022-07-13 22:57:32,714] [BBIndicator] [get_results] [INFO]: Current result for symbol BURGER is: 
[2022-07-13 22:57:32,714] [BBIndicator] [get_results] [INFO]: Percent result is: 888888
[2022-07-13 22:57:35,728] [BBIndicator] [get_results] [INFO]: Current result for symbol BTC is: 
[2022-07-13 22:57:35,729] [BBIndicator] [get_results] [INFO]: Percent result is: 18888
[2022-07-13 22:57:35,729] [BBIndicator] [get_results] [INFO]: Current result for symbol LTC is: 
[2022-07-13 22:57:35,729] [BBIndicator] [get_results] [INFO]: Percent result is: 18888
[2022-07-13 22:57:35,730] [BBIndicator] [get_results] [INFO]: Current result for symbol BURGER is: 
[2022-07-13 22:57:35,730] [BBIndicator] [get_results] [INFO]: Percent result is: 888888
[2022-07-13 22:57:38,740] [BBIndicator] [get_results] [INFO]: Current result for symbol BTC is: 
[2022-07-13 22:57:38,740] [BBIndicator] [get_results] [INFO]: Percent result is: 18888
[2022-07-13 22:57:38,741] [BBIndicator] [get_results] [INFO]: Current result for symbol LTC is: 
[2022-07-13 22:57:38,741] [BBIndicator] [get_results] [INFO]: Percent result is: 18888
[2022-07-13 22:57:38,741] [BBIndicator] [get_results] [INFO]: Current result for symbol BURGER is: 
[2022-07-13 22:57:38,741] [BBIndicator] [get_results] [INFO]: Percent result is: 888888
[2022-07-13 22:57:41,755] [BBIndicator] [get_results] [INFO]: Current result for symbol BTC is: 
[2022-07-13 22:57:41,755] [BBIndicator] [get_results] [INFO]: Percent result is: 18888
[2022-07-13 22:57:41,755] [BBIndicator] [get_results] [INFO]: Current result for symbol LTC is: 
[2022-07-13 22:57:41,755] [BBIndicator] [get_results] [INFO]: Percent result is: 18888
[2022-07-13 22:57:41,756] [BBIndicator] [get_results] [INFO]: Current result for symbol BURGER is: 
[2022-07-13 22:57:41,756] [BBIndicator] [get_results] [INFO]: Percent result is: 888888
[2022-07-13 22:57:44,770] [BBIndicator] [get_results] [INFO]: Current result for symbol BTC is: 
[2022-07-13 22:57:44,770] [BBIndicator] [get_results] [INFO]: Percent result is: 18888
[2022-07-13 22:57:44,770] [BBIndicator] [get_results] [INFO]: Current result for symbol LTC is: 
[2022-07-13 22:57:44,770] [BBIndicator] [get_results] [INFO]: Percent result is: 18888
[2022-07-13 22:57:44,770] [BBIndicator] [get_results] [INFO]: Current result for symbol BURGER is: 
[2022-07-13 22:57:44,770] [BBIndicator] [get_results] [INFO]: Percent result is: 888888
[2022-07-13 22:57:47,779] [BBIndicator] [get_results] [INFO]: Current result for symbol BTC is: 
[2022-07-13 22:57:47,779] [BBIndicator] [get_results] [INFO]: Percent result is: 18888
[2022-07-13 22:57:47,779] [BBIndicator] [get_results] [INFO]: Current result for symbol LTC is: 
[2022-07-13 22:57:47,779] [BBIndicator] [get_results] [INFO]: Percent result is: 18888
[2022-07-13 22:57:47,779] [BBIndicator] [get_results] [INFO]: Current result for symbol BURGER is: 
[2022-07-13 22:57:47,779] [BBIndicator] [get_results] [INFO]: Percent result is: 888888
[2022-07-13 22:57:50,791] [BBIndicator] [get_results] [INFO]: Current result for symbol BTC is: 
[2022-07-13 22:57:50,791] [BBIndicator] [get_results] [INFO]: Percent result is: 18888
[2022-07-13 22:57:50,791] [BBIndicator] [get_results] [INFO]: Current result for symbol LTC is: 
[2022-07-13 22:57:50,791] [BBIndicator] [get_results] [INFO]: Percent result is: 18888
[2022-07-13 22:57:50,792] [BBIndicator] [get_results] [INFO]: Current result for symbol BURGER is: 
[2022-07-13 22:57:50,792] [BBIndicator] [get_results] [INFO]: Percent result is: 888888
[2022-07-13 22:57:53,807] [BBIndicator] [get_results] [INFO]: Current result for symbol BTC is: 
[2022-07-13 22:57:53,807] [BBIndicator] [get_results] [INFO]: Percent result is: 18888
[2022-07-13 22:57:53,807] [BBIndicator] [get_results] [INFO]: Current result for symbol LTC is: 
[2022-07-13 22:57:53,807] [BBIndicator] [get_results] [INFO]: Percent result is: 18888
[2022-07-13 22:57:53,807] [BBIndicator] [get_results] [INFO]: Current result for symbol BURGER is: 
[2022-07-13 22:57:53,807] [BBIndicator] [get_results] [INFO]: Percent result is: 888888
[2022-07-13 22:57:56,822] [BBIndicator] [get_results] [INFO]: Current result for symbol BTC is: 
[2022-07-13 22:57:56,822] [BBIndicator] [get_results] [INFO]: Percent result is: 18888
[2022-07-13 22:57:56,823] [BBIndicator] [get_results] [INFO]: Current result for symbol LTC is: 
[2022-07-13 22:57:56,823] [BBIndicator] [get_results] [INFO]: Percent result is: 18888
[2022-07-13 22:57:56,823] [BBIndicator] [get_results] [INFO]: Current result for symbol BURGER is: 
[2022-07-13 22:57:56,823] [BBIndicator] [get_results] [INFO]: Percent result is: 888888
[2022-07-13 22:57:59,825] [BBIndicator] [get_results] [INFO]: Current result for symbol BTC is: 
[2022-07-13 22:57:59,825] [BBIndicator] [get_results] [INFO]: Percent result is: 18888
[2022-07-13 22:57:59,825] [BBIndicator] [get_results] [INFO]: Current result for symbol LTC is: 
[2022-07-13 22:57:59,825] [BBIndicator] [get_results] [INFO]: Percent result is: 18888
[2022-07-13 22:57:59,826] [BBIndicator] [get_results] [INFO]: Current result for symbol BURGER is: 
[2022-07-13 22:57:59,826] [BBIndicator] [get_results] [INFO]: Percent result is: 888888
[2022-07-13 22:58:02,838] [BBIndicator] [get_results] [INFO]: Current result for symbol BTC is: 
[2022-07-13 22:58:02,838] [BBIndicator] [get_results] [INFO]: Percent result is: 18888
[2022-07-13 22:58:02,838] [BBIndicator] [get_results] [INFO]: Current result for symbol LTC is: 
[2022-07-13 22:58:02,838] [BBIndicator] [get_results] [INFO]: Percent result is: 18888
[2022-07-13 22:58:02,839] [BBIndicator] [get_results] [INFO]: Current result for symbol BURGER is: 
[2022-07-13 22:58:02,839] [BBIndicator] [get_results] [INFO]: Percent result is: 888888
[2022-07-13 23:00:16,294] [BBIndicator] [init_logger] [INFO]: Initialize logger
[2022-07-13 23:00:16,865] [BBIndicator] [execute] [INFO]: Execute for Symbol BTC
[2022-07-13 23:00:18,221] [BBIndicator] [execute] [INFO]: Execute for Symbol BURGER
[2022-07-13 23:00:18,716] [BBIndicator] [execute] [INFO]: Execute for Symbol LTC
[2022-07-13 23:00:20,729] [BBIndicator] [get_results] [INFO]: Current result for symbol BTC is: 
[2022-07-13 23:00:20,729] [BBIndicator] [get_results] [INFO]: Percent result is: None
[2022-07-13 23:00:20,729] [BBIndicator] [get_results] [INFO]: Current result for symbol LTC is: 
[2022-07-13 23:00:20,729] [BBIndicator] [get_results] [INFO]: Percent result is: None
[2022-07-13 23:00:20,729] [BBIndicator] [get_results] [INFO]: Current result for symbol BURGER is: 
[2022-07-13 23:00:20,730] [BBIndicator] [get_results] [INFO]: Percent result is: None
[2022-07-13 23:00:43,810] [BBIndicator] [init_logger] [INFO]: Initialize logger
[2022-07-13 23:00:44,666] [BBIndicator] [execute] [INFO]: Execute for Symbol BTC
[2022-07-13 23:00:45,221] [BBIndicator] [execute] [INFO]: Execute for Symbol BURGER
[2022-07-13 23:00:45,563] [BBIndicator] [execute] [INFO]: Execute for Symbol LTC
[2022-07-13 23:00:47,566] [BBIndicator] [get_results] [INFO]: Current result for symbol BTC is: 
[2022-07-13 23:00:47,566] [BBIndicator] [get_results] [INFO]: Percent result is: None
[2022-07-13 23:00:47,566] [BBIndicator] [get_results] [INFO]: Current result for symbol LTC is: 
[2022-07-13 23:00:47,566] [BBIndicator] [get_results] [INFO]: Percent result is: None
[2022-07-13 23:00:47,566] [BBIndicator] [get_results] [INFO]: Current result for symbol BURGER is: 
[2022-07-13 23:00:47,566] [BBIndicator] [get_results] [INFO]: Percent result is: None
[2022-07-13 23:00:50,581] [BBIndicator] [get_results] [INFO]: Current result for symbol BTC is: 
[2022-07-13 23:00:50,582] [BBIndicator] [get_results] [INFO]: Percent result is: None
[2022-07-13 23:00:50,582] [BBIndicator] [get_results] [INFO]: Current result for symbol LTC is: 
[2022-07-13 23:00:50,582] [BBIndicator] [get_results] [INFO]: Percent result is: None
[2022-07-13 23:00:50,582] [BBIndicator] [get_results] [INFO]: Current result for symbol BURGER is: 
[2022-07-13 23:00:50,583] [BBIndicator] [get_results] [INFO]: Percent result is: None
[2022-07-13 23:00:53,594] [BBIndicator] [get_results] [INFO]: Current result for symbol BTC is: 
[2022-07-13 23:00:53,594] [BBIndicator] [get_results] [INFO]: Percent result is: None
[2022-07-13 23:00:53,595] [BBIndicator] [get_results] [INFO]: Current result for symbol LTC is: 
[2022-07-13 23:00:53,595] [BBIndicator] [get_results] [INFO]: Percent result is: None
[2022-07-13 23:00:53,595] [BBIndicator] [get_results] [INFO]: Current result for symbol BURGER is: 
[2022-07-13 23:00:53,595] [BBIndicator] [get_results] [INFO]: Percent result is: None
[2022-07-13 23:00:56,605] [BBIndicator] [get_results] [INFO]: Current result for symbol BTC is: 
[2022-07-13 23:00:56,606] [BBIndicator] [get_results] [INFO]: Percent result is: None
[2022-07-13 23:00:56,606] [BBIndicator] [get_results] [INFO]: Current result for symbol LTC is: 
[2022-07-13 23:00:56,606] [BBIndicator] [get_results] [INFO]: Percent result is: None
[2022-07-13 23:00:56,606] [BBIndicator] [get_results] [INFO]: Current result for symbol BURGER is: 
[2022-07-13 23:00:56,606] [BBIndicator] [get_results] [INFO]: Percent result is: None
[2022-07-13 23:00:59,608] [BBIndicator] [get_results] [INFO]: Current result for symbol BTC is: 
[2022-07-13 23:00:59,609] [BBIndicator] [get_results] [INFO]: Percent result is: None
[2022-07-13 23:00:59,609] [BBIndicator] [get_results] [INFO]: Current result for symbol LTC is: 
[2022-07-13 23:00:59,609] [BBIndicator] [get_results] [INFO]: Percent result is: None
[2022-07-13 23:00:59,610] [BBIndicator] [get_results] [INFO]: Current result for symbol BURGER is: 
[2022-07-13 23:00:59,610] [BBIndicator] [get_results] [INFO]: Percent result is: None
[2022-07-13 23:01:02,625] [BBIndicator] [get_results] [INFO]: Current result for symbol BTC is: 
[2022-07-13 23:01:02,625] [BBIndicator] [get_results] [INFO]: Percent result is: None
[2022-07-13 23:01:02,625] [BBIndicator] [get_results] [INFO]: Current result for symbol LTC is: 
[2022-07-13 23:01:02,625] [BBIndicator] [get_results] [INFO]: Percent result is: None
[2022-07-13 23:01:02,626] [BBIndicator] [get_results] [INFO]: Current result for symbol BURGER is: 
[2022-07-13 23:01:02,626] [BBIndicator] [get_results] [INFO]: Percent result is: None
[2022-07-13 23:01:05,639] [BBIndicator] [get_results] [INFO]: Current result for symbol BTC is: 
[2022-07-13 23:01:05,639] [BBIndicator] [get_results] [INFO]: Percent result is: None
[2022-07-13 23:01:05,640] [BBIndicator] [get_results] [INFO]: Current result for symbol LTC is: 
[2022-07-13 23:01:05,640] [BBIndicator] [get_results] [INFO]: Percent result is: None
[2022-07-13 23:01:05,640] [BBIndicator] [get_results] [INFO]: Current result for symbol BURGER is: 
[2022-07-13 23:01:05,640] [BBIndicator] [get_results] [INFO]: Percent result is: None
[2022-07-13 23:01:08,647] [BBIndicator] [get_results] [INFO]: Current result for symbol BTC is: 
[2022-07-13 23:01:08,647] [BBIndicator] [get_results] [INFO]: Percent result is: None
[2022-07-13 23:01:08,647] [BBIndicator] [get_results] [INFO]: Current result for symbol LTC is: 
[2022-07-13 23:01:08,647] [BBIndicator] [get_results] [INFO]: Percent result is: None
[2022-07-13 23:01:08,647] [BBIndicator] [get_results] [INFO]: Current result for symbol BURGER is: 
[2022-07-13 23:01:08,647] [BBIndicator] [get_results] [INFO]: Percent result is: None
[2022-07-13 23:01:11,648] [BBIndicator] [get_results] [INFO]: Current result for symbol BTC is: 
[2022-07-13 23:01:11,648] [BBIndicator] [get_results] [INFO]: Percent result is: None
[2022-07-13 23:01:11,649] [BBIndicator] [get_results] [INFO]: Current result for symbol LTC is: 
[2022-07-13 23:01:11,649] [BBIndicator] [get_results] [INFO]: Percent result is: None
[2022-07-13 23:01:11,649] [BBIndicator] [get_results] [INFO]: Current result for symbol BURGER is: 
[2022-07-13 23:01:11,649] [BBIndicator] [get_results] [INFO]: Percent result is: None
[2022-07-13 23:01:14,651] [BBIndicator] [get_results] [INFO]: Current result for symbol BTC is: 
[2022-07-13 23:01:14,651] [BBIndicator] [get_results] [INFO]: Percent result is: None
[2022-07-13 23:01:14,652] [BBIndicator] [get_results] [INFO]: Current result for symbol LTC is: 
[2022-07-13 23:01:14,652] [BBIndicator] [get_results] [INFO]: Percent result is: None
[2022-07-13 23:01:14,652] [BBIndicator] [get_results] [INFO]: Current result for symbol BURGER is: 
[2022-07-13 23:01:14,653] [BBIndicator] [get_results] [INFO]: Percent result is: None
[2022-07-13 23:01:17,661] [BBIndicator] [get_results] [INFO]: Current result for symbol BTC is: 
[2022-07-13 23:01:17,661] [BBIndicator] [get_results] [INFO]: Percent result is: None
[2022-07-13 23:01:17,661] [BBIndicator] [get_results] [INFO]: Current result for symbol LTC is: 
[2022-07-13 23:01:17,661] [BBIndicator] [get_results] [INFO]: Percent result is: None
[2022-07-13 23:01:17,662] [BBIndicator] [get_results] [INFO]: Current result for symbol BURGER is: 
[2022-07-13 23:01:17,662] [BBIndicator] [get_results] [INFO]: Percent result is: None
[2022-07-13 23:01:20,673] [BBIndicator] [get_results] [INFO]: Current result for symbol BTC is: 
[2022-07-13 23:01:20,673] [BBIndicator] [get_results] [INFO]: Percent result is: None
[2022-07-13 23:01:20,674] [BBIndicator] [get_results] [INFO]: Current result for symbol LTC is: 
[2022-07-13 23:01:20,674] [BBIndicator] [get_results] [INFO]: Percent result is: None
[2022-07-13 23:01:20,674] [BBIndicator] [get_results] [INFO]: Current result for symbol BURGER is: 
[2022-07-13 23:01:20,674] [BBIndicator] [get_results] [INFO]: Percent result is: None
[2022-07-13 23:01:35,946] [BBIndicator] [init_logger] [INFO]: Initialize logger
[2022-07-13 23:01:36,533] [BBIndicator] [execute] [INFO]: Execute for Symbol BTC
[2022-07-13 23:01:37,091] [BBIndicator] [execute] [INFO]: Execute for Symbol BURGER
[2022-07-13 23:01:37,447] [BBIndicator] [execute] [INFO]: Execute for Symbol LTC
[2022-07-13 23:01:39,462] [BBIndicator] [get_results] [INFO]: Current result for symbol BTC is: 
[2022-07-13 23:01:39,462] [BBIndicator] [get_results] [INFO]: Percent result is: None
[2022-07-13 23:01:39,462] [BBIndicator] [get_results] [INFO]: Current result for symbol LTC is: 
[2022-07-13 23:01:39,462] [BBIndicator] [get_results] [INFO]: Percent result is: None
[2022-07-13 23:01:39,463] [BBIndicator] [get_results] [INFO]: Current result for symbol BURGER is: 
[2022-07-13 23:01:39,463] [BBIndicator] [get_results] [INFO]: Percent result is: None
[2022-07-13 23:01:42,465] [BBIndicator] [get_results] [INFO]: Current result for symbol BTC is: 
[2022-07-13 23:01:42,465] [BBIndicator] [get_results] [INFO]: Percent result is: None
[2022-07-13 23:01:42,465] [BBIndicator] [get_results] [INFO]: Current result for symbol LTC is: 
[2022-07-13 23:01:42,465] [BBIndicator] [get_results] [INFO]: Percent result is: None
[2022-07-13 23:01:42,466] [BBIndicator] [get_results] [INFO]: Current result for symbol BURGER is: 
[2022-07-13 23:01:42,466] [BBIndicator] [get_results] [INFO]: Percent result is: None
[2022-07-13 23:01:45,471] [BBIndicator] [get_results] [INFO]: Current result for symbol BTC is: 
[2022-07-13 23:01:45,471] [BBIndicator] [get_results] [INFO]: Percent result is: None
[2022-07-13 23:01:45,471] [BBIndicator] [get_results] [INFO]: Current result for symbol LTC is: 
[2022-07-13 23:01:45,471] [BBIndicator] [get_results] [INFO]: Percent result is: None
[2022-07-13 23:01:45,471] [BBIndicator] [get_results] [INFO]: Current result for symbol BURGER is: 
[2022-07-13 23:01:45,471] [BBIndicator] [get_results] [INFO]: Percent result is: None
[2022-07-13 23:01:48,478] [BBIndicator] [get_results] [INFO]: Current result for symbol BTC is: 
[2022-07-13 23:01:48,479] [BBIndicator] [get_results] [INFO]: Percent result is: None
[2022-07-13 23:01:48,479] [BBIndicator] [get_results] [INFO]: Current result for symbol LTC is: 
[2022-07-13 23:01:48,479] [BBIndicator] [get_results] [INFO]: Percent result is: None
[2022-07-13 23:01:48,479] [BBIndicator] [get_results] [INFO]: Current result for symbol BURGER is: 
[2022-07-13 23:01:48,479] [BBIndicator] [get_results] [INFO]: Percent result is: None
[2022-07-13 23:01:51,492] [BBIndicator] [get_results] [INFO]: Current result for symbol BTC is: 
[2022-07-13 23:01:51,492] [BBIndicator] [get_results] [INFO]: Percent result is: None
[2022-07-13 23:01:51,493] [BBIndicator] [get_results] [INFO]: Current result for symbol LTC is: 
[2022-07-13 23:01:51,493] [BBIndicator] [get_results] [INFO]: Percent result is: None
[2022-07-13 23:01:51,493] [BBIndicator] [get_results] [INFO]: Current result for symbol BURGER is: 
[2022-07-13 23:01:51,493] [BBIndicator] [get_results] [INFO]: Percent result is: None
[2022-07-13 23:01:54,494] [BBIndicator] [get_results] [INFO]: Current result for symbol BTC is: 
[2022-07-13 23:01:54,494] [BBIndicator] [get_results] [INFO]: Percent result is: None
[2022-07-13 23:01:54,495] [BBIndicator] [get_results] [INFO]: Current result for symbol LTC is: 
[2022-07-13 23:01:54,495] [BBIndicator] [get_results] [INFO]: Percent result is: None
[2022-07-13 23:01:54,495] [BBIndicator] [get_results] [INFO]: Current result for symbol BURGER is: 
[2022-07-13 23:01:54,495] [BBIndicator] [get_results] [INFO]: Percent result is: None
[2022-07-13 23:01:57,509] [BBIndicator] [get_results] [INFO]: Current result for symbol BTC is: 
[2022-07-13 23:01:57,509] [BBIndicator] [get_results] [INFO]: Percent result is: None
[2022-07-13 23:01:57,509] [BBIndicator] [get_results] [INFO]: Current result for symbol LTC is: 
[2022-07-13 23:01:57,509] [BBIndicator] [get_results] [INFO]: Percent result is: None
[2022-07-13 23:01:57,510] [BBIndicator] [get_results] [INFO]: Current result for symbol BURGER is: 
[2022-07-13 23:01:57,510] [BBIndicator] [get_results] [INFO]: Percent result is: None
[2022-07-13 23:02:00,516] [BBIndicator] [get_results] [INFO]: Current result for symbol BTC is: 
[2022-07-13 23:02:00,516] [BBIndicator] [get_results] [INFO]: Percent result is: None
[2022-07-13 23:02:00,517] [BBIndicator] [get_results] [INFO]: Current result for symbol LTC is: 
[2022-07-13 23:02:00,517] [BBIndicator] [get_results] [INFO]: Percent result is: None
[2022-07-13 23:02:00,517] [BBIndicator] [get_results] [INFO]: Current result for symbol BURGER is: 
[2022-07-13 23:02:00,517] [BBIndicator] [get_results] [INFO]: Percent result is: None
[2022-07-13 23:02:03,528] [BBIndicator] [get_results] [INFO]: Current result for symbol BTC is: 
[2022-07-13 23:02:03,528] [BBIndicator] [get_results] [INFO]: Percent result is: None
[2022-07-13 23:02:03,528] [BBIndicator] [get_results] [INFO]: Current result for symbol LTC is: 
[2022-07-13 23:02:03,529] [BBIndicator] [get_results] [INFO]: Percent result is: None
[2022-07-13 23:02:03,529] [BBIndicator] [get_results] [INFO]: Current result for symbol BURGER is: 
[2022-07-13 23:02:03,529] [BBIndicator] [get_results] [INFO]: Percent result is: None
[2022-07-13 23:02:06,540] [BBIndicator] [get_results] [INFO]: Current result for symbol BTC is: 
[2022-07-13 23:02:06,540] [BBIndicator] [get_results] [INFO]: Percent result is: None
[2022-07-13 23:02:06,541] [BBIndicator] [get_results] [INFO]: Current result for symbol LTC is: 
[2022-07-13 23:02:06,541] [BBIndicator] [get_results] [INFO]: Percent result is: None
[2022-07-13 23:02:06,541] [BBIndicator] [get_results] [INFO]: Current result for symbol BURGER is: 
[2022-07-13 23:02:06,541] [BBIndicator] [get_results] [INFO]: Percent result is: None
[2022-07-13 23:02:09,553] [BBIndicator] [get_results] [INFO]: Current result for symbol BTC is: 
[2022-07-13 23:02:09,553] [BBIndicator] [get_results] [INFO]: Percent result is: None
[2022-07-13 23:02:09,553] [BBIndicator] [get_results] [INFO]: Current result for symbol LTC is: 
[2022-07-13 23:02:09,553] [BBIndicator] [get_results] [INFO]: Percent result is: None
[2022-07-13 23:02:09,553] [BBIndicator] [get_results] [INFO]: Current result for symbol BURGER is: 
[2022-07-13 23:02:09,553] [BBIndicator] [get_results] [INFO]: Percent result is: None
[2022-07-20 16:39:04,834] [BBIndicator] [init_logger] [INFO]: Initialize logger
[2022-07-20 16:39:19,625] [BBIndicator] [init_logger] [INFO]: Initialize logger
[2022-07-20 16:39:19,714] [BBIndicator] [execute] [INFO]: Execute for Symbol BTC
[2022-07-20 16:39:19,721] [BBIndicator] [execute] [INFO]: Execute for Symbol BURGER
[2022-07-20 16:39:19,725] [BBIndicator] [execute] [INFO]: Execute for Symbol LTC
[2022-07-20 16:39:37,729] [BBIndicator] [init_logger] [INFO]: Initialize logger
[2022-07-20 16:39:37,812] [BBIndicator] [execute] [INFO]: Execute for Symbol BTC
[2022-07-20 16:39:37,816] [BBIndicator] [execute] [INFO]: Execute for Symbol BURGER
[2022-07-20 16:39:37,822] [BBIndicator] [execute] [INFO]: Execute for Symbol LTC
[2022-07-20 16:40:37,220] [BBIndicator] [init_logger] [INFO]: Initialize logger
[2022-07-20 16:40:37,302] [BBIndicator] [execute] [INFO]: Execute for Symbol BTC
[2022-07-20 16:40:37,311] [BBIndicator] [execute] [INFO]: Execute for Symbol BURGER
[2022-07-20 16:40:37,318] [BBIndicator] [execute] [INFO]: Execute for Symbol LTC
[2022-07-20 16:41:01,175] [BBIndicator] [init_logger] [INFO]: Initialize logger
[2022-07-20 16:41:01,262] [BBIndicator] [execute] [INFO]: Execute for Symbol BTC
[2022-07-20 16:41:01,267] [BBIndicator] [execute] [INFO]: Execute for Symbol BURGER
[2022-07-20 16:41:01,274] [BBIndicator] [execute] [INFO]: Execute for Symbol LTC
[2022-07-20 16:43:32,577] [BBIndicator] [init_logger] [INFO]: Initialize logger
[2022-07-20 16:43:32,631] [BBIndicator] [execute] [INFO]: Execute for Symbol BTC
[2022-07-20 16:43:32,636] [BBIndicator] [execute] [INFO]: Execute for Symbol BURGER
[2022-07-20 16:43:32,639] [BBIndicator] [execute] [INFO]: Execute for Symbol LTC
[2022-07-20 16:44:10,489] [BBIndicator] [init_logger] [INFO]: Initialize logger
[2022-07-20 16:44:10,548] [BBIndicator] [execute] [INFO]: Execute for Symbol BTC
[2022-07-20 16:44:10,553] [BBIndicator] [execute] [INFO]: Execute for Symbol BURGER
[2022-07-20 16:44:10,557] [BBIndicator] [execute] [INFO]: Execute for Symbol LTC
[2022-07-20 16:44:25,182] [BBIndicator] [init_logger] [INFO]: Initialize logger
[2022-07-20 16:44:25,241] [BBIndicator] [execute] [INFO]: Execute for Symbol BTC
[2022-07-20 16:44:25,245] [BBIndicator] [execute] [INFO]: Execute for Symbol BURGER
[2022-07-20 16:44:25,248] [BBIndicator] [execute] [INFO]: Execute for Symbol LTC
[2022-07-20 16:44:32,953] [BBIndicator] [get_results] [INFO]: Current result for symbol BTC is: 
[2022-07-20 16:44:32,953] [BBIndicator] [get_results] [INFO]: Percent result is: None
[2022-07-20 16:44:33,256] [BBIndicator] [get_results] [INFO]: Current result for symbol BTC is: 
[2022-07-20 16:44:33,256] [BBIndicator] [get_results] [INFO]: Percent result is: None
[2022-07-20 16:44:38,250] [BBIndicator] [get_results] [INFO]: Current result for symbol LTC is: 
[2022-07-20 16:44:38,250] [BBIndicator] [get_results] [INFO]: Percent result is: None
[2022-07-20 16:44:39,593] [BBIndicator] [get_results] [INFO]: Current result for symbol LTC is: 
[2022-07-20 16:44:39,593] [BBIndicator] [get_results] [INFO]: Percent result is: None
[2022-07-20 16:44:44,833] [BBIndicator] [get_results] [INFO]: Current result for symbol BURGER is: 
[2022-07-20 16:44:44,833] [BBIndicator] [get_results] [INFO]: Percent result is: None
[2022-07-20 16:44:45,142] [BBIndicator] [get_results] [INFO]: Current result for symbol BURGER is: 
[2022-07-20 16:44:45,142] [BBIndicator] [get_results] [INFO]: Percent result is: None
[2022-07-20 16:45:07,562] [BBIndicator] [get_results] [INFO]: Current result for symbol BTC is: 
[2022-07-20 16:45:07,562] [BBIndicator] [get_results] [INFO]: Percent result is: None
[2022-07-20 16:45:07,878] [BBIndicator] [get_results] [INFO]: Current result for symbol BTC is: 
[2022-07-20 16:45:07,878] [BBIndicator] [get_results] [INFO]: Percent result is: None
[2022-07-20 16:45:12,591] [BBIndicator] [get_results] [INFO]: Current result for symbol LTC is: 
[2022-07-20 16:45:12,592] [BBIndicator] [get_results] [INFO]: Percent result is: None
[2022-07-20 16:45:13,151] [BBIndicator] [get_results] [INFO]: Current result for symbol LTC is: 
[2022-07-20 16:45:13,152] [BBIndicator] [get_results] [INFO]: Percent result is: None
[2022-07-20 16:45:18,881] [BBIndicator] [get_results] [INFO]: Current result for symbol BURGER is: 
[2022-07-20 16:45:18,881] [BBIndicator] [get_results] [INFO]: Percent result is: None
[2022-07-20 16:45:19,190] [BBIndicator] [get_results] [INFO]: Current result for symbol BURGER is: 
[2022-07-20 16:45:19,190] [BBIndicator] [get_results] [INFO]: Percent result is: None
[2022-07-20 16:45:40,802] [BBIndicator] [get_results] [INFO]: Current result for symbol BTC is: 
[2022-07-20 16:45:40,802] [BBIndicator] [get_results] [INFO]: Percent result is: None
[2022-07-20 16:45:41,111] [BBIndicator] [get_results] [INFO]: Current result for symbol BTC is: 
[2022-07-20 16:45:41,111] [BBIndicator] [get_results] [INFO]: Percent result is: None
[2022-07-20 16:45:45,834] [BBIndicator] [get_results] [INFO]: Current result for symbol LTC is: 
[2022-07-20 16:45:45,834] [BBIndicator] [get_results] [INFO]: Percent result is: None
[2022-07-20 16:45:46,404] [BBIndicator] [get_results] [INFO]: Current result for symbol LTC is: 
[2022-07-20 16:45:46,404] [BBIndicator] [get_results] [INFO]: Percent result is: None
[2022-07-20 16:45:52,171] [BBIndicator] [get_results] [INFO]: Current result for symbol BURGER is: 
[2022-07-20 16:45:52,171] [BBIndicator] [get_results] [INFO]: Percent result is: None
[2022-07-20 16:45:52,482] [BBIndicator] [get_results] [INFO]: Current result for symbol BURGER is: 
[2022-07-20 16:45:52,483] [BBIndicator] [get_results] [INFO]: Percent result is: None
[2022-07-20 16:46:14,087] [BBIndicator] [get_results] [INFO]: Current result for symbol BTC is: 
[2022-07-20 16:46:14,087] [BBIndicator] [get_results] [INFO]: Percent result is: None
[2022-07-20 16:46:14,399] [BBIndicator] [get_results] [INFO]: Current result for symbol BTC is: 
[2022-07-20 16:46:14,399] [BBIndicator] [get_results] [INFO]: Percent result is: None
[2022-07-20 17:23:55,883] [BBIndicator] [init_logger] [INFO]: Initialize logger
[2022-07-20 17:23:55,945] [BBIndicator] [execute] [INFO]: Execute for Symbol BTC
[2022-07-20 17:23:55,949] [BBIndicator] [execute] [INFO]: Execute for Symbol BURGER
[2022-07-20 17:23:55,952] [BBIndicator] [execute] [INFO]: Execute for Symbol LTC
[2022-07-20 17:25:12,239] [BBIndicator] [init_logger] [INFO]: Initialize logger
[2022-07-20 17:25:12,293] [BBIndicator] [execute] [INFO]: Execute for Symbol BTC
[2022-07-20 17:25:12,298] [BBIndicator] [execute] [INFO]: Execute for Symbol BURGER
[2022-07-20 17:25:12,302] [BBIndicator] [execute] [INFO]: Execute for Symbol LTC
[2022-07-20 17:25:20,619] [BBIndicator] [get_results] [INFO]: Current result for symbol BTC is: 
[2022-07-20 17:25:20,619] [BBIndicator] [get_results] [INFO]: Percent result is: None
[2022-07-20 17:25:21,969] [BBIndicator] [get_results] [INFO]: Current result for symbol BTC is: 
[2022-07-20 17:25:21,969] [BBIndicator] [get_results] [INFO]: Percent result is: None
[2022-07-20 17:25:25,657] [BBIndicator] [get_results] [INFO]: Current result for symbol LTC is: 
[2022-07-20 17:25:25,657] [BBIndicator] [get_results] [INFO]: Percent result is: None
[2022-07-20 17:25:25,962] [BBIndicator] [get_results] [INFO]: Current result for symbol LTC is: 
[2022-07-20 17:25:25,962] [BBIndicator] [get_results] [INFO]: Percent result is: None
[2022-07-20 17:25:30,687] [BBIndicator] [get_results] [INFO]: Current result for symbol BURGER is: 
[2022-07-20 17:25:30,687] [BBIndicator] [get_results] [INFO]: Percent result is: None
[2022-07-20 17:25:31,020] [BBIndicator] [get_results] [INFO]: Current result for symbol BURGER is: 
[2022-07-20 17:25:31,020] [BBIndicator] [get_results] [INFO]: Percent result is: None
[2022-07-20 17:25:53,660] [BBIndicator] [get_results] [INFO]: Current result for symbol BTC is: 
[2022-07-20 17:25:53,660] [BBIndicator] [get_results] [INFO]: Percent result is: None
[2022-07-20 17:25:54,226] [BBIndicator] [get_results] [INFO]: Current result for symbol BTC is: 
[2022-07-20 17:25:54,226] [BBIndicator] [get_results] [INFO]: Percent result is: None
[2022-07-20 17:25:56,899] [BBIndicator] [get_results] [INFO]: Current result for symbol LTC is: 
[2022-07-20 17:25:56,900] [BBIndicator] [get_results] [INFO]: Percent result is: None
[2022-07-20 17:25:57,219] [BBIndicator] [get_results] [INFO]: Current result for symbol LTC is: 
[2022-07-20 17:25:57,219] [BBIndicator] [get_results] [INFO]: Percent result is: None
[2022-07-20 17:25:59,126] [BBIndicator] [get_results] [INFO]: Current result for symbol BURGER is: 
[2022-07-20 17:25:59,126] [BBIndicator] [get_results] [INFO]: Percent result is: None
[2022-07-20 17:25:59,496] [BBIndicator] [get_results] [INFO]: Current result for symbol BURGER is: 
[2022-07-20 17:25:59,496] [BBIndicator] [get_results] [INFO]: Percent result is: None
[2022-07-20 17:26:23,219] [BBIndicator] [get_results] [INFO]: Current result for symbol BTC is: 
[2022-07-20 17:26:23,219] [BBIndicator] [get_results] [INFO]: Percent result is: None
[2022-07-20 17:26:23,544] [BBIndicator] [get_results] [INFO]: Current result for symbol BTC is: 
[2022-07-20 17:26:23,544] [BBIndicator] [get_results] [INFO]: Percent result is: None
[2022-07-20 17:26:27,220] [BBIndicator] [get_results] [INFO]: Current result for symbol LTC is: 
[2022-07-20 17:26:27,220] [BBIndicator] [get_results] [INFO]: Percent result is: None
[2022-07-20 17:26:28,574] [BBIndicator] [get_results] [INFO]: Current result for symbol LTC is: 
[2022-07-20 17:26:28,574] [BBIndicator] [get_results] [INFO]: Percent result is: None
[2022-07-20 17:26:31,482] [BBIndicator] [get_results] [INFO]: Current result for symbol BURGER is: 
[2022-07-20 17:26:31,482] [BBIndicator] [get_results] [INFO]: Percent result is: None
[2022-07-20 17:26:32,055] [BBIndicator] [get_results] [INFO]: Current result for symbol BURGER is: 
[2022-07-20 17:26:32,055] [BBIndicator] [get_results] [INFO]: Percent result is: None
[2022-07-20 17:26:53,772] [BBIndicator] [get_results] [INFO]: Current result for symbol BTC is: 
[2022-07-20 17:26:53,772] [BBIndicator] [get_results] [INFO]: Percent result is: None
[2022-07-20 17:26:54,087] [BBIndicator] [get_results] [INFO]: Current result for symbol BTC is: 
[2022-07-20 17:26:54,088] [BBIndicator] [get_results] [INFO]: Percent result is: None
[2022-07-20 17:26:55,818] [BBIndicator] [get_results] [INFO]: Current result for symbol LTC is: 
[2022-07-20 17:26:55,818] [BBIndicator] [get_results] [INFO]: Percent result is: None
[2022-07-20 17:26:56,154] [BBIndicator] [get_results] [INFO]: Current result for symbol LTC is: 
[2022-07-20 17:26:56,154] [BBIndicator] [get_results] [INFO]: Percent result is: None
[2022-07-20 17:26:57,884] [BBIndicator] [get_results] [INFO]: Current result for symbol BURGER is: 
[2022-07-20 17:26:57,884] [BBIndicator] [get_results] [INFO]: Percent result is: None
[2022-07-20 17:26:58,221] [BBIndicator] [get_results] [INFO]: Current result for symbol BURGER is: 
[2022-07-20 17:26:58,221] [BBIndicator] [get_results] [INFO]: Percent result is: None
[2022-07-20 17:27:19,851] [BBIndicator] [get_results] [INFO]: Current result for symbol BTC is: 
[2022-07-20 17:27:19,851] [BBIndicator] [get_results] [INFO]: Percent result is: None
[2022-07-20 17:27:21,210] [BBIndicator] [get_results] [INFO]: Current result for symbol BTC is: 
[2022-07-20 17:27:21,210] [BBIndicator] [get_results] [INFO]: Percent result is: None
[2022-07-20 17:27:25,900] [BBIndicator] [get_results] [INFO]: Current result for symbol LTC is: 
[2022-07-20 17:27:25,900] [BBIndicator] [get_results] [INFO]: Percent result is: None
[2022-07-20 17:27:26,210] [BBIndicator] [get_results] [INFO]: Current result for symbol LTC is: 
[2022-07-20 17:27:26,210] [BBIndicator] [get_results] [INFO]: Percent result is: None
[2022-07-20 17:27:30,899] [BBIndicator] [get_results] [INFO]: Current result for symbol BURGER is: 
[2022-07-20 17:27:30,899] [BBIndicator] [get_results] [INFO]: Percent result is: None
[2022-07-20 17:27:31,207] [BBIndicator] [get_results] [INFO]: Current result for symbol BURGER is: 
[2022-07-20 17:27:31,207] [BBIndicator] [get_results] [INFO]: Percent result is: None
[2022-07-20 17:27:52,843] [BBIndicator] [get_results] [INFO]: Current result for symbol BTC is: 
[2022-07-20 17:27:52,843] [BBIndicator] [get_results] [INFO]: Percent result is: None
[2022-07-20 17:27:53,154] [BBIndicator] [get_results] [INFO]: Current result for symbol BTC is: 
[2022-07-20 17:27:53,154] [BBIndicator] [get_results] [INFO]: Percent result is: None
[2022-07-20 17:27:57,875] [BBIndicator] [get_results] [INFO]: Current result for symbol LTC is: 
[2022-07-20 17:27:57,875] [BBIndicator] [get_results] [INFO]: Percent result is: None
[2022-07-20 17:27:59,223] [BBIndicator] [get_results] [INFO]: Current result for symbol LTC is: 
[2022-07-20 17:27:59,223] [BBIndicator] [get_results] [INFO]: Percent result is: None
[2022-07-20 17:28:02,140] [BBIndicator] [get_results] [INFO]: Current result for symbol BURGER is: 
[2022-07-20 17:28:02,140] [BBIndicator] [get_results] [INFO]: Percent result is: None
[2022-07-20 17:28:02,452] [BBIndicator] [get_results] [INFO]: Current result for symbol BURGER is: 
[2022-07-20 17:28:02,452] [BBIndicator] [get_results] [INFO]: Percent result is: None
[2022-07-20 17:28:25,205] [BBIndicator] [get_results] [INFO]: Current result for symbol BTC is: 
[2022-07-20 17:28:25,205] [BBIndicator] [get_results] [INFO]: Percent result is: None
[2022-07-20 17:28:25,798] [BBIndicator] [get_results] [INFO]: Current result for symbol BTC is: 
[2022-07-20 17:28:25,798] [BBIndicator] [get_results] [INFO]: Percent result is: None
[2022-07-20 17:28:29,640] [BBIndicator] [get_results] [INFO]: Current result for symbol LTC is: 
[2022-07-20 17:28:29,640] [BBIndicator] [get_results] [INFO]: Percent result is: None
[2022-07-20 17:28:30,967] [BBIndicator] [get_results] [INFO]: Current result for symbol LTC is: 
[2022-07-20 17:28:30,967] [BBIndicator] [get_results] [INFO]: Percent result is: None
[2022-07-20 17:28:35,769] [BBIndicator] [get_results] [INFO]: Current result for symbol BURGER is: 
[2022-07-20 17:28:35,769] [BBIndicator] [get_results] [INFO]: Percent result is: None
[2022-07-20 17:28:36,101] [BBIndicator] [get_results] [INFO]: Current result for symbol BURGER is: 
[2022-07-20 17:28:36,101] [BBIndicator] [get_results] [INFO]: Percent result is: None
[2022-07-20 17:28:58,076] [BBIndicator] [get_results] [INFO]: Current result for symbol BTC is: 
[2022-07-20 17:28:58,076] [BBIndicator] [get_results] [INFO]: Percent result is: None
[2022-07-20 17:28:58,424] [BBIndicator] [get_results] [INFO]: Current result for symbol BTC is: 
[2022-07-20 17:28:58,424] [BBIndicator] [get_results] [INFO]: Percent result is: None
[2022-07-20 17:29:00,201] [BBIndicator] [get_results] [INFO]: Current result for symbol LTC is: 
[2022-07-20 17:29:00,201] [BBIndicator] [get_results] [INFO]: Percent result is: None
[2022-07-20 17:29:00,839] [BBIndicator] [get_results] [INFO]: Current result for symbol LTC is: 
[2022-07-20 17:29:00,839] [BBIndicator] [get_results] [INFO]: Percent result is: None
[2022-07-20 17:29:06,950] [BBIndicator] [get_results] [INFO]: Current result for symbol BURGER is: 
[2022-07-20 17:29:06,950] [BBIndicator] [get_results] [INFO]: Percent result is: None
[2022-07-20 17:29:07,289] [BBIndicator] [get_results] [INFO]: Current result for symbol BURGER is: 
[2022-07-20 17:29:07,289] [BBIndicator] [get_results] [INFO]: Percent result is: None
[2022-07-20 17:29:55,588] [BBIndicator] [init_logger] [INFO]: Initialize logger
[2022-07-20 17:29:55,671] [BBIndicator] [execute] [INFO]: Execute for Symbol BTC
[2022-07-20 17:29:55,676] [BBIndicator] [execute] [INFO]: Execute for Symbol BURGER
[2022-07-20 17:29:55,680] [BBIndicator] [execute] [INFO]: Execute for Symbol LTC
[2022-07-20 17:30:44,279] [BBIndicator] [init_logger] [INFO]: Initialize logger
[2022-07-20 17:30:44,335] [BBIndicator] [execute] [INFO]: Execute for Symbol BTC
[2022-07-20 17:30:44,339] [BBIndicator] [execute] [INFO]: Execute for Symbol BURGER
[2022-07-20 17:30:44,343] [BBIndicator] [execute] [INFO]: Execute for Symbol LTC
[2022-07-20 17:34:16,591] [BBIndicator] [init_logger] [INFO]: Initialize logger
[2022-07-20 17:34:16,660] [BBIndicator] [execute] [INFO]: Execute for Symbol BTC
[2022-07-20 17:34:16,663] [BBIndicator] [execute] [INFO]: Execute for Symbol BURGER
[2022-07-20 17:34:16,667] [BBIndicator] [execute] [INFO]: Execute for Symbol LTC
[2022-07-20 17:35:02,640] [BBIndicator] [init_logger] [INFO]: Initialize logger
[2022-07-20 17:35:02,701] [BBIndicator] [execute] [INFO]: Execute for Symbol BTC
[2022-07-20 17:35:02,707] [BBIndicator] [execute] [INFO]: Execute for Symbol BURGER
[2022-07-20 17:35:02,711] [BBIndicator] [execute] [INFO]: Execute for Symbol LTC
[2022-07-20 17:35:15,299] [BBIndicator] [init_logger] [INFO]: Initialize logger
[2022-07-20 17:35:15,368] [BBIndicator] [execute] [INFO]: Execute for Symbol BTC
[2022-07-20 17:35:15,373] [BBIndicator] [execute] [INFO]: Execute for Symbol BURGER
[2022-07-20 17:35:15,378] [BBIndicator] [execute] [INFO]: Execute for Symbol LTC
[2022-07-20 17:35:27,989] [BBIndicator] [init_logger] [INFO]: Initialize logger
[2022-07-20 17:35:28,061] [BBIndicator] [execute] [INFO]: Execute for Symbol BTC
[2022-07-20 17:35:28,066] [BBIndicator] [execute] [INFO]: Execute for Symbol BURGER
[2022-07-20 17:35:28,070] [BBIndicator] [execute] [INFO]: Execute for Symbol LTC
[2022-07-20 17:37:37,758] [BBIndicator] [init_logger] [INFO]: Initialize logger
[2022-07-20 17:37:37,816] [BBIndicator] [execute] [INFO]: Execute for Symbol BTC
[2022-07-20 17:37:37,820] [BBIndicator] [execute] [INFO]: Execute for Symbol BURGER
[2022-07-20 17:37:37,824] [BBIndicator] [execute] [INFO]: Execute for Symbol LTC
[2022-07-20 17:37:44,099] [BBIndicator] [get_results] [INFO]: Current result for symbol BTC is: 
[2022-07-20 17:37:44,099] [BBIndicator] [get_results] [INFO]: Percent result is: None
[2022-07-20 17:37:45,444] [BBIndicator] [get_results] [INFO]: Current result for symbol BTC is: 
[2022-07-20 17:37:45,444] [BBIndicator] [get_results] [INFO]: Percent result is: None
[2022-07-20 17:37:49,112] [BBIndicator] [get_results] [INFO]: Current result for symbol LTC is: 
[2022-07-20 17:37:49,112] [BBIndicator] [get_results] [INFO]: Percent result is: None
[2022-07-20 17:37:49,424] [BBIndicator] [get_results] [INFO]: Current result for symbol LTC is: 
[2022-07-20 17:37:49,424] [BBIndicator] [get_results] [INFO]: Percent result is: None
[2022-07-20 17:37:53,092] [BBIndicator] [get_results] [INFO]: Current result for symbol BURGER is: 
[2022-07-20 17:37:53,093] [BBIndicator] [get_results] [INFO]: Percent result is: None
[2022-07-20 17:37:53,412] [BBIndicator] [get_results] [INFO]: Current result for symbol BURGER is: 
[2022-07-20 17:37:53,412] [BBIndicator] [get_results] [INFO]: Percent result is: None
[2022-07-20 17:38:15,053] [BBIndicator] [get_results] [INFO]: Current result for symbol BTC is: 
[2022-07-20 17:38:15,053] [BBIndicator] [get_results] [INFO]: Percent result is: None
[2022-07-20 17:38:18,892] [BBIndicator] [init_logger] [INFO]: Initialize logger
[2022-07-20 17:38:18,953] [BBIndicator] [execute] [INFO]: Execute for Symbol BTC
[2022-07-20 17:38:18,958] [BBIndicator] [execute] [INFO]: Execute for Symbol BURGER
[2022-07-20 17:38:18,961] [BBIndicator] [execute] [INFO]: Execute for Symbol LTC
[2022-07-20 17:38:30,451] [BBIndicator] [init_logger] [INFO]: Initialize logger
[2022-07-20 17:38:30,509] [BBIndicator] [execute] [INFO]: Execute for Symbol BTC
[2022-07-20 17:38:30,512] [BBIndicator] [execute] [INFO]: Execute for Symbol BURGER
[2022-07-20 17:38:30,517] [BBIndicator] [execute] [INFO]: Execute for Symbol LTC
[2022-07-20 17:38:36,776] [BBIndicator] [get_results] [INFO]: Current result for symbol BTC is: 
[2022-07-20 17:38:36,776] [BBIndicator] [get_results] [INFO]: Percent result is: None
[2022-07-20 17:38:41,623] [BBIndicator] [init_logger] [INFO]: Initialize logger
[2022-07-20 17:38:41,678] [BBIndicator] [execute] [INFO]: Execute for Symbol BTC
[2022-07-20 17:38:41,681] [BBIndicator] [execute] [INFO]: Execute for Symbol BURGER
[2022-07-20 17:38:41,685] [BBIndicator] [execute] [INFO]: Execute for Symbol LTC
[2022-07-20 17:38:55,457] [BBIndicator] [init_logger] [INFO]: Initialize logger
[2022-07-20 17:38:55,538] [BBIndicator] [execute] [INFO]: Execute for Symbol BTC
[2022-07-20 17:38:55,545] [BBIndicator] [execute] [INFO]: Execute for Symbol BURGER
[2022-07-20 17:38:55,551] [BBIndicator] [execute] [INFO]: Execute for Symbol LTC
