[2022-07-09 21:15:36,565] [MAIndicator] [init_logger] [INFO]: Initialize logger
[2022-07-09 21:15:36,567] [MAIndicator] [check] [INFO]: Execute for Symbol BTC
[2022-07-09 21:15:37,711] [MAIndicator] [init_logger] [INFO]: Initialize logger
[2022-07-09 21:15:37,711] [MAIndicator] [init_logger] [INFO]: Initialize logger
[2022-07-09 21:15:37,712] [MAIndicator] [check] [INFO]: Execute for Symbol BURGER
[2022-07-09 21:15:37,712] [MAIndicator] [check] [INFO]: Execute for Symbol BURGER
[2022-07-09 21:15:38,024] [MAIndicator] [init_logger] [INFO]: Initialize logger
[2022-07-09 21:15:38,024] [MAIndicator] [init_logger] [INFO]: Initialize logger
[2022-07-09 21:15:38,024] [MAIndicator] [init_logger] [INFO]: Initialize logger
[2022-07-09 21:15:38,025] [MAIndicator] [check] [INFO]: Execute for Symbol LTC
[2022-07-09 21:15:38,025] [MAIndicator] [check] [INFO]: Execute for Symbol LTC
[2022-07-09 21:15:38,025] [MAIndicator] [check] [INFO]: Execute for Symbol LTC
[2022-07-09 21:15:38,352] [MAIndicator] [check] [INFO]: Current result for symbol BTC is: 
[2022-07-09 21:15:38,352] [MAIndicator] [check] [INFO]: Current result for symbol BTC is: 
[2022-07-09 21:15:38,352] [MAIndicator] [check] [INFO]: Current result for symbol BTC is: 
[2022-07-09 21:15:38,352] [MAIndicator] [check] [INFO]: Percent result is: 0.9364915132731778
[2022-07-09 21:15:38,352] [MAIndicator] [check] [INFO]: Percent result is: 0.9364915132731778
[2022-07-09 21:15:38,352] [MAIndicator] [check] [INFO]: Percent result is: 0.9364915132731778
[2022-07-09 21:15:39,517] [MAIndicator] [check] [INFO]: Current result for symbol BURGER is: 
[2022-07-09 21:15:39,517] [MAIndicator] [check] [INFO]: Current result for symbol BURGER is: 
[2022-07-09 21:15:39,517] [MAIndicator] [check] [INFO]: Current result for symbol BURGER is: 
[2022-07-09 21:15:39,517] [MAIndicator] [check] [INFO]: Percent result is: 0.1979798456586601
[2022-07-09 21:15:39,517] [MAIndicator] [check] [INFO]: Percent result is: 0.1979798456586601
[2022-07-09 21:15:39,517] [MAIndicator] [check] [INFO]: Percent result is: 0.1979798456586601
[2022-07-09 21:15:39,857] [MAIndicator] [check] [INFO]: Current result for symbol LTC is: 
[2022-07-09 21:15:39,857] [MAIndicator] [check] [INFO]: Current result for symbol LTC is: 
[2022-07-09 21:15:39,857] [MAIndicator] [check] [INFO]: Current result for symbol LTC is: 
[2022-07-09 21:15:39,857] [MAIndicator] [check] [INFO]: Percent result is: 0.9738588386341179
[2022-07-09 21:15:39,857] [MAIndicator] [check] [INFO]: Percent result is: 0.9738588386341179
[2022-07-09 21:15:39,857] [MAIndicator] [check] [INFO]: Percent result is: 0.9738588386341179
